<?xml version="1.0" encoding="UTF-8"?>
<testsuite xmlns:xsi="http://www.w3.org/2001/XMLSchema-instance" xsi:noNamespaceSchemaLocation="https://maven.apache.org/surefire/maven-surefire-plugin/xsd/surefire-test-report-3.0.xsd" version="3.0" name="adam.dev.liveCode.LiveCodeApplicationTests" time="11.686" tests="1" errors="0" skipped="0" failures="0">
  <properties>
[...]
</properties>
  <testcase name="contextLoads" classname="adam.dev.liveCode.LiveCodeApplicationTests" time="0.747">
    <system-out><![CDATA[11:33:10.756 [main] INFO org.springframework.test.context.support.AnnotationConfigContextLoaderUtils -- Could not detect default configuration classes for test class [adam.dev.liveCode.LiveCodeApplicationTests]: LiveCodeApplicationTests does not declare any static, non-private, non-final, nested classes annotated with @Configuration.
11:33:10.944 [main] INFO org.springframework.boot.test.context.SpringBootTestContextBootstrapper -- Found @SpringBootConfiguration adam.dev.liveCode.LiveCodeApplication for test class adam.dev.liveCode.LiveCodeApplicationTests

  .   ____          _            __ _ _
 /\\ / ___'_ __ _ _(_)_ __  __ _ \ \ \ \
( ( )\___ | '_ | '_| | '_ \/ _` | \ \ \ \
 \\/  ___)| |_)| | | | | || (_| |  ) ) ) )
  '  |____| .__|_| |_|_| |_\__, | / / / /
 =========|_|==============|___/=/_/_/_/
 :: Spring Boot ::                (v3.1.4)

2025-03-01T11:33:11.734+02:00  INFO 62932 --- [           main] a.dev.liveCode.LiveCodeApplicationTests  : Starting LiveCodeApplicationTests using Java 20.0.2 with PID 62932 (started by adams in C:\Users\adams\שולחן העבודה\Code\live-code\back\liveCode)
2025-03-01T11:33:11.736+02:00  INFO 62932 --- [           main] a.dev.liveCode.LiveCodeApplicationTests  : No active profile set, falling back to 1 default profile: "default"
2025-03-01T11:33:13.507+02:00  INFO 62932 --- [           main] .s.d.r.c.RepositoryConfigurationDelegate : Bootstrapping Spring Data JPA repositories in DEFAULT mode.
2025-03-01T11:33:13.821+02:00  INFO 62932 --- [           main] .s.d.r.c.RepositoryConfigurationDelegate : Finished Spring Data repository scanning in 293 ms. Found 5 JPA repository interfaces.
2025-03-01T11:33:14.979+02:00  INFO 62932 --- [           main] com.zaxxer.hikari.HikariDataSource       : HikariPool-1 - Starting...
2025-03-01T11:33:16.579+02:00  INFO 62932 --- [           main] com.zaxxer.hikari.pool.HikariPool        : HikariPool-1 - Added connection org.postgresql.jdbc.PgConnection@6812c8cc
2025-03-01T11:33:16.580+02:00  INFO 62932 --- [           main] com.zaxxer.hikari.HikariDataSource       : HikariPool-1 - Start completed.
2025-03-01T11:33:16.671+02:00  INFO 62932 --- [           main] o.hibernate.jpa.internal.util.LogHelper  : HHH000204: Processing PersistenceUnitInfo [name: default]
2025-03-01T11:33:16.777+02:00  INFO 62932 --- [           main] org.hibernate.Version                    : HHH000412: Hibernate ORM core version 6.2.9.Final
2025-03-01T11:33:16.780+02:00  INFO 62932 --- [           main] org.hibernate.cfg.Environment            : HHH000406: Using bytecode reflection optimizer
2025-03-01T11:33:17.034+02:00  INFO 62932 --- [           main] o.h.b.i.BytecodeProviderInitiator        : HHH000021: Bytecode provider name : bytebuddy
2025-03-01T11:33:17.253+02:00  INFO 62932 --- [           main] o.s.o.j.p.SpringPersistenceUnitInfo      : No LoadTimeWeaver setup: ignoring JPA class transformer
2025-03-01T11:33:17.912+02:00  INFO 62932 --- [           main] o.h.b.i.BytecodeProviderInitiator        : HHH000021: Bytecode provider name : bytebuddy
2025-03-01T11:33:18.884+02:00  INFO 62932 --- [           main] o.h.e.t.j.p.i.JtaPlatformInitiator       : HHH000490: Using JtaPlatform implementation: [org.hibernate.engine.transaction.jta.platform.internal.NoJtaPlatform]
2025-03-01T11:33:18.888+02:00  INFO 62932 --- [           main] j.LocalContainerEntityManagerFactoryBean : Initialized JPA EntityManagerFactory for persistence unit 'default'
2025-03-01T11:33:19.297+02:00  WARN 62932 --- [           main] ocalVariableTableParameterNameDiscoverer : Using deprecated '-debug' fallback for parameter name resolution. Compile the affected code with '-parameters' instead or avoid its introspection: adam.dev.liveCode.dao.UserRepository
2025-03-01T11:33:19.467+02:00  WARN 62932 --- [           main] ocalVariableTableParameterNameDiscoverer : Using deprecated '-debug' fallback for parameter name resolution. Compile the affected code with '-parameters' instead or avoid its introspection: adam.dev.liveCode.dao.RoomUserRepository
2025-03-01T11:33:19.498+02:00  WARN 62932 --- [           main] ocalVariableTableParameterNameDiscoverer : Using deprecated '-debug' fallback for parameter name resolution. Compile the affected code with '-parameters' instead or avoid its introspection: adam.dev.liveCode.dao.RoomRepository
2025-03-01T11:33:19.631+02:00  WARN 62932 --- [           main] JpaBaseConfiguration$JpaWebConfiguration : spring.jpa.open-in-view is enabled by default. Therefore, database queries may be performed during view rendering. Explicitly configure spring.jpa.open-in-view to disable this warning
2025-03-01T11:33:19.860+02:00  WARN 62932 --- [           main] ocalVariableTableParameterNameDiscoverer : Using deprecated '-debug' fallback for parameter name resolution. Compile the affected code with '-parameters' instead or avoid its introspection: adam.dev.liveCode.dao.RoomCodeRepository
2025-03-01T11:33:20.238+02:00  INFO 62932 --- [           main] o.s.s.web.DefaultSecurityFilterChain     : Will secure any request with [org.springframework.security.web.session.DisableEncodeUrlFilter@6a827b0c, org.springframework.security.web.context.request.async.WebAsyncManagerIntegrationFilter@39ee07a9, org.springframework.security.web.context.SecurityContextHolderFilter@1104cf3a, org.springframework.security.web.header.HeaderWriterFilter@28d728f1, org.springframework.web.filter.CorsFilter@4cff38ff, org.springframework.security.web.csrf.CsrfFilter@40e7aea9, org.springframework.security.web.authentication.logout.LogoutFilter@5fa3df, adam.dev.liveCode.security.jwt.JwtAuthenticationFilter@260f05ee, org.springframework.security.web.savedrequest.RequestCacheAwareFilter@6715a6da, org.springframework.security.web.servletapi.SecurityContextHolderAwareRequestFilter@4c51fc9a, org.springframework.security.web.authentication.AnonymousAuthenticationFilter@7adde776, org.springframework.security.web.access.ExceptionTranslationFilter@40ef385f, org.springframework.security.web.access.intercept.AuthorizationFilter@230e163b]
2025-03-01T11:33:21.211+02:00  INFO 62932 --- [           main] o.s.m.s.b.SimpleBrokerMessageHandler     : Starting...
2025-03-01T11:33:21.214+02:00  INFO 62932 --- [           main] o.s.m.s.b.SimpleBrokerMessageHandler     : BrokerAvailabilityEvent[available=true, SimpleBrokerMessageHandler [org.springframework.messaging.simp.broker.DefaultSubscriptionRegistry@57cfb4d8]]
2025-03-01T11:33:21.216+02:00  INFO 62932 --- [           main] o.s.m.s.b.SimpleBrokerMessageHandler     : Started.
2025-03-01T11:33:21.230+02:00  INFO 62932 --- [           main] a.dev.liveCode.LiveCodeApplicationTests  : Started LiveCodeApplicationTests in 9.992 seconds (process running for 12.15)
]]></system-out>
  </testcase>
</testsuite>