<?xml version="1.0" encoding="UTF-8"?>
<testsuite xmlns:xsi="http://www.w3.org/2001/XMLSchema-instance" xsi:noNamespaceSchemaLocation="https://maven.apache.org/surefire/maven-surefire-plugin/xsd/surefire-test-report-3.0.xsd" version="3.0" name="adam.dev.liveCode.LiveCodeApplicationTests" time="23.619" tests="1" errors="0" skipped="0" failures="0">
  <properties>
[...]
</properties>
  <testcase name="contextLoads" classname="adam.dev.liveCode.LiveCodeApplicationTests" time="1.154">
    <system-out><![CDATA[12:19:26.189 [main] INFO org.springframework.test.context.support.AnnotationConfigContextLoaderUtils -- Could not detect default configuration classes for test class [adam.dev.liveCode.LiveCodeApplicationTests]: LiveCodeApplicationTests does not declare any static, non-private, non-final, nested classes annotated with @Configuration.
12:19:26.792 [main] INFO org.springframework.boot.test.context.SpringBootTestContextBootstrapper -- Found @SpringBootConfiguration adam.dev.liveCode.LiveCodeApplication for test class adam.dev.liveCode.LiveCodeApplicationTests

  .   ____          _            __ _ _
 /\\ / ___'_ __ _ _(_)_ __  __ _ \ \ \ \
( ( )\___ | '_ | '_| | '_ \/ _` | \ \ \ \
 \\/  ___)| |_)| | | | | || (_| |  ) ) ) )
  '  |____| .__|_| |_|_| |_\__, | / / / /
 =========|_|==============|___/=/_/_/_/
 :: Spring Boot ::                (v3.1.4)

2025-03-01T12:19:29.529+02:00  INFO 70944 --- [           main] a.dev.liveCode.LiveCodeApplicationTests  : Starting LiveCodeApplicationTests using Java 20.0.2 with PID 70944 (started by adams in C:\Users\adams\שולחן העבודה\Code\live-code\back\liveCode)
2025-03-01T12:19:29.536+02:00  INFO 70944 --- [           main] a.dev.liveCode.LiveCodeApplicationTests  : No active profile set, falling back to 1 default profile: "default"
2025-03-01T12:19:32.473+02:00  INFO 70944 --- [           main] .s.d.r.c.RepositoryConfigurationDelegate : Bootstrapping Spring Data JPA repositories in DEFAULT mode.
2025-03-01T12:19:32.988+02:00  INFO 70944 --- [           main] .s.d.r.c.RepositoryConfigurationDelegate : Finished Spring Data repository scanning in 487 ms. Found 5 JPA repository interfaces.
2025-03-01T12:19:34.760+02:00  INFO 70944 --- [           main] com.zaxxer.hikari.HikariDataSource       : HikariPool-1 - Starting...
2025-03-01T12:19:36.681+02:00  INFO 70944 --- [           main] com.zaxxer.hikari.pool.HikariPool        : HikariPool-1 - Added connection org.postgresql.jdbc.PgConnection@21b51e59
2025-03-01T12:19:36.684+02:00  INFO 70944 --- [           main] com.zaxxer.hikari.HikariDataSource       : HikariPool-1 - Start completed.
2025-03-01T12:19:36.801+02:00  INFO 70944 --- [           main] o.hibernate.jpa.internal.util.LogHelper  : HHH000204: Processing PersistenceUnitInfo [name: default]
2025-03-01T12:19:36.956+02:00  INFO 70944 --- [           main] org.hibernate.Version                    : HHH000412: Hibernate ORM core version 6.2.9.Final
2025-03-01T12:19:36.967+02:00  INFO 70944 --- [           main] org.hibernate.cfg.Environment            : HHH000406: Using bytecode reflection optimizer
2025-03-01T12:19:37.435+02:00  INFO 70944 --- [           main] o.h.b.i.BytecodeProviderInitiator        : HHH000021: Bytecode provider name : bytebuddy
2025-03-01T12:19:37.913+02:00  INFO 70944 --- [           main] o.s.o.j.p.SpringPersistenceUnitInfo      : No LoadTimeWeaver setup: ignoring JPA class transformer
2025-03-01T12:19:39.710+02:00  INFO 70944 --- [           main] o.h.b.i.BytecodeProviderInitiator        : HHH000021: Bytecode provider name : bytebuddy
2025-03-01T12:19:42.026+02:00  INFO 70944 --- [           main] o.h.e.t.j.p.i.JtaPlatformInitiator       : HHH000490: Using JtaPlatform implementation: [org.hibernate.engine.transaction.jta.platform.internal.NoJtaPlatform]
2025-03-01T12:19:42.035+02:00  INFO 70944 --- [           main] j.LocalContainerEntityManagerFactoryBean : Initialized JPA EntityManagerFactory for persistence unit 'default'
2025-03-01T12:19:43.150+02:00  WARN 70944 --- [           main] ocalVariableTableParameterNameDiscoverer : Using deprecated '-debug' fallback for parameter name resolution. Compile the affected code with '-parameters' instead or avoid its introspection: adam.dev.liveCode.dao.UserRepository
2025-03-01T12:19:43.466+02:00  WARN 70944 --- [           main] ocalVariableTableParameterNameDiscoverer : Using deprecated '-debug' fallback for parameter name resolution. Compile the affected code with '-parameters' instead or avoid its introspection: adam.dev.liveCode.dao.RoomUserRepository
2025-03-01T12:19:43.558+02:00  WARN 70944 --- [           main] ocalVariableTableParameterNameDiscoverer : Using deprecated '-debug' fallback for parameter name resolution. Compile the affected code with '-parameters' instead or avoid its introspection: adam.dev.liveCode.dao.RoomRepository
2025-03-01T12:19:43.799+02:00  WARN 70944 --- [           main] JpaBaseConfiguration$JpaWebConfiguration : spring.jpa.open-in-view is enabled by default. Therefore, database queries may be performed during view rendering. Explicitly configure spring.jpa.open-in-view to disable this warning
2025-03-01T12:19:44.391+02:00  WARN 70944 --- [           main] ocalVariableTableParameterNameDiscoverer : Using deprecated '-debug' fallback for parameter name resolution. Compile the affected code with '-parameters' instead or avoid its introspection: adam.dev.liveCode.dao.RoomCodeRepository
2025-03-01T12:19:44.999+02:00  INFO 70944 --- [           main] o.s.s.web.DefaultSecurityFilterChain     : Will secure any request with [org.springframework.security.web.session.DisableEncodeUrlFilter@18c432ed, org.springframework.security.web.context.request.async.WebAsyncManagerIntegrationFilter@206de1f, org.springframework.security.web.context.SecurityContextHolderFilter@15251cc2, org.springframework.security.web.header.HeaderWriterFilter@5e0602ff, org.springframework.web.filter.CorsFilter@3fae357f, org.springframework.security.web.csrf.CsrfFilter@3a388769, org.springframework.security.web.authentication.logout.LogoutFilter@174aabb2, adam.dev.liveCode.security.jwt.JwtAuthenticationFilter@63541cd4, org.springframework.security.web.savedrequest.RequestCacheAwareFilter@53813f01, org.springframework.security.web.servletapi.SecurityContextHolderAwareRequestFilter@1a4c6e74, org.springframework.security.web.authentication.AnonymousAuthenticationFilter@50bc0bbd, org.springframework.security.web.access.ExceptionTranslationFilter@4446a191, org.springframework.security.web.access.intercept.AuthorizationFilter@c22cf4d]
2025-03-01T12:19:47.434+02:00  INFO 70944 --- [           main] o.s.m.s.b.SimpleBrokerMessageHandler     : Starting...
2025-03-01T12:19:47.439+02:00  INFO 70944 --- [           main] o.s.m.s.b.SimpleBrokerMessageHandler     : BrokerAvailabilityEvent[available=true, SimpleBrokerMessageHandler [org.springframework.messaging.simp.broker.DefaultSubscriptionRegistry@7d8c264]]
2025-03-01T12:19:47.442+02:00  INFO 70944 --- [           main] o.s.m.s.b.SimpleBrokerMessageHandler     : Started.
2025-03-01T12:19:47.465+02:00  INFO 70944 --- [           main] a.dev.liveCode.LiveCodeApplicationTests  : Started LiveCodeApplicationTests in 19.29 seconds (process running for 27.681)
]]></system-out>
  </testcase>
</testsuite>